The system is: Windows - 6.3.9600 - AMD64
Compiling the C compiler identification source file "CMakeCCompilerId.c" succeeded.
Compiler: C:/Program Files (x86)/Microsoft Visual Studio/2019/Community/VC/Tools/MSVC/14.24.28314/bin/Hostx86/x64/cl.exe 
Build flags: 
Id flags:  

The output was:
0
Microsoft (R) C/C++ Optimizing Compiler Version 19.24.28314 for x64
Copyright (C) Microsoft Corporation.  All rights reserved.

CMakeCCompilerId.c
Microsoft (R) Incremental Linker Version 14.24.28314.0
Copyright (C) Microsoft Corporation.  All rights reserved.

/out:CMakeCCompilerId.exe 
CMakeCCompilerId.obj 


Compilation of the C compiler identification source "CMakeCCompilerId.c" produced "CMakeCCompilerId.exe"

Compilation of the C compiler identification source "CMakeCCompilerId.c" produced "CMakeCCompilerId.obj"

The C compiler identification is MSVC, found in "C:/Users/Peter/Desktop/Programming-Note/DataStructure/SkipList/build/CMakeFiles/3.15.0/CompilerIdC/CMakeCCompilerId.exe"

Compiling the CXX compiler identification source file "CMakeCXXCompilerId.cpp" succeeded.
Compiler: C:/Program Files (x86)/Microsoft Visual Studio/2019/Community/VC/Tools/MSVC/14.24.28314/bin/Hostx86/x64/cl.exe 
Build flags: 
Id flags:  

The output was:
0
Microsoft (R) C/C++ Optimizing Compiler Version 19.24.28314 for x64
Copyright (C) Microsoft Corporation.  All rights reserved.

CMakeCXXCompilerId.cpp
Microsoft (R) Incremental Linker Version 14.24.28314.0
Copyright (C) Microsoft Corporation.  All rights reserved.

/out:CMakeCXXCompilerId.exe 
CMakeCXXCompilerId.obj 


Compilation of the CXX compiler identification source "CMakeCXXCompilerId.cpp" produced "CMakeCXXCompilerId.exe"

Compilation of the CXX compiler identification source "CMakeCXXCompilerId.cpp" produced "CMakeCXXCompilerId.obj"

The CXX compiler identification is MSVC, found in "C:/Users/Peter/Desktop/Programming-Note/DataStructure/SkipList/build/CMakeFiles/3.15.0/CompilerIdCXX/CMakeCXXCompilerId.exe"

Determining if the C compiler works passed with the following output:
Change Dir: C:/Users/Peter/Desktop/Programming-Note/DataStructure/SkipList/build/CMakeFiles/CMakeTmp

Run Build Command(s):C:/PROGRA~2/MICROS~1/2019/COMMUN~1/Common7/IDE/COMMON~1/MICROS~1/CMake/Ninja/ninja.exe cmTC_d0db3 && [1/2] Building C object CMakeFiles\cmTC_d0db3.dir\testCCompiler.c.obj
[2/2] Linking C executable cmTC_d0db3.exe



Detecting C compiler ABI info compiled with the following output:
Change Dir: C:/Users/Peter/Desktop/Programming-Note/DataStructure/SkipList/build/CMakeFiles/CMakeTmp

Run Build Command(s):C:/PROGRA~2/MICROS~1/2019/COMMUN~1/Common7/IDE/COMMON~1/MICROS~1/CMake/Ninja/ninja.exe cmTC_750f2 && [1/2] Building C object CMakeFiles\cmTC_750f2.dir\CMakeCCompilerABI.c.obj
[2/2] Linking C executable cmTC_750f2.exe



Determining if the CXX compiler works passed with the following output:
Change Dir: C:/Users/Peter/Desktop/Programming-Note/DataStructure/SkipList/build/CMakeFiles/CMakeTmp

Run Build Command(s):C:/PROGRA~2/MICROS~1/2019/COMMUN~1/Common7/IDE/COMMON~1/MICROS~1/CMake/Ninja/ninja.exe cmTC_25264 && [1/2] Building CXX object CMakeFiles\cmTC_25264.dir\testCXXCompiler.cxx.obj
[2/2] Linking CXX executable cmTC_25264.exe



Detecting CXX compiler ABI info compiled with the following output:
Change Dir: C:/Users/Peter/Desktop/Programming-Note/DataStructure/SkipList/build/CMakeFiles/CMakeTmp

Run Build Command(s):C:/PROGRA~2/MICROS~1/2019/COMMUN~1/Common7/IDE/COMMON~1/MICROS~1/CMake/Ninja/ninja.exe cmTC_4d712 && [1/2] Building CXX object CMakeFiles\cmTC_4d712.dir\CMakeCXXCompilerABI.cpp.obj
[2/2] Linking CXX executable cmTC_4d712.exe



