c:\users\peter\desktop\programming-note\opengl\opengl\x64\debug\vc142.pdb
c:\users\peter\desktop\programming-note\opengl\opengl\x64\debug\vc142.idb
c:\users\peter\desktop\programming-note\opengl\opengl\x64\debug\vertexbuffer.obj
c:\users\peter\desktop\programming-note\opengl\opengl\x64\debug\main.obj
c:\users\peter\desktop\programming-note\opengl\opengl\x64\debug\renderer.obj
c:\users\peter\desktop\programming-note\opengl\opengl\x64\debug\indexbuffer.obj
c:\users\peter\desktop\programming-note\opengl\opengl\x64\debug\vertexarray.obj
c:\users\peter\desktop\programming-note\opengl\opengl\x64\debug\shader.obj
c:\users\peter\desktop\programming-note\opengl\opengl\x64\debug\texture.obj
c:\users\peter\desktop\programming-note\opengl\opengl\x64\debug\imgui_widgets.obj
c:\users\peter\desktop\programming-note\opengl\opengl\x64\debug\imgui_draw.obj
c:\users\peter\desktop\programming-note\opengl\opengl\x64\debug\imgui_demo.obj
c:\users\peter\desktop\programming-note\opengl\opengl\x64\debug\imgui.obj
c:\users\peter\desktop\programming-note\opengl\opengl\x64\debug\imgui_impl_opengl3.obj
c:\users\peter\desktop\programming-note\opengl\opengl\x64\debug\opengl.ilk
c:\users\peter\desktop\programming-note\opengl\opengl\x64\debug\opengl.exe
c:\users\peter\desktop\programming-note\opengl\opengl\x64\debug\opengl.pdb
c:\users\peter\desktop\programming-note\opengl\opengl\x64\debug\opengl.tlog\cl.command.1.tlog
c:\users\peter\desktop\programming-note\opengl\opengl\x64\debug\opengl.tlog\cl.read.1.tlog
c:\users\peter\desktop\programming-note\opengl\opengl\x64\debug\opengl.tlog\cl.write.1.tlog
c:\users\peter\desktop\programming-note\opengl\opengl\x64\debug\opengl.tlog\ib.ib.cl.write.1.tlog
c:\users\peter\desktop\programming-note\opengl\opengl\x64\debug\opengl.tlog\ib.ib.link.write.1.tlog
c:\users\peter\desktop\programming-note\opengl\opengl\x64\debug\opengl.tlog\link.command.1.tlog
c:\users\peter\desktop\programming-note\opengl\opengl\x64\debug\opengl.tlog\link.read.1.tlog
c:\users\peter\desktop\programming-note\opengl\opengl\x64\debug\opengl.tlog\link.write.1.tlog
